c:\users\com100\documents\github\myengine\editor_window\x64\debug\audioclip.obj
c:\users\com100\documents\github\myengine\editor_window\x64\debug\pcollider.obj
c:\users\com100\documents\github\myengine\editor_window\x64\debug\pcomponent.obj
c:\users\com100\documents\github\myengine\editor_window\x64\debug\presources.obj
c:\users\com100\documents\github\myengine\editor_window\x64\debug\ptransform.obj
c:\users\com100\documents\github\myengine\editor_window\x64\debug\rididbody.obj
c:\users\com100\documents\github\myengine\editor_window\x64\debug\main.obj
c:\users\com100\documents\github\myengine\editor_window\x64\debug\audiosource.obj
c:\users\com100\documents\github\myengine\editor_window\x64\debug\paudiosource.obj
c:\users\com100\documents\github\myengine\editor_window\x64\debug\pdxmath.obj
c:\users\com100\documents\github\myengine\editor_window\x64\debug\pgameobject.obj
c:\users\com100\documents\github\myengine\editor_window\x64\debug\pscenemanager.obj
c:\users\com100\documents\github\myengine\editor_window\x64\debug\pscript.obj
c:\users\com100\documents\github\myengine\editor_window\x64\debug\puibase.obj
c:\users\com100\documents\github\myengine\editor_window\x64\debug\fmod.obj
c:\users\com100\documents\github\myengine\editor_window\x64\debug\paudioclip.obj
c:\users\com100\documents\github\myengine\editor_window\x64\debug\player.obj
c:\users\com100\documents\github\myengine\editor_window\x64\debug\presource.obj
c:\users\com100\documents\github\myengine\editor_window\x64\debug\ptime.obj
c:\users\com100\documents\github\myengine\editor_window\x64\debug\puimanager.obj
c:\users\com100\documents\github\myengine\editor_window\x64\debug\dxmath.obj
c:\users\com100\documents\github\myengine\editor_window\x64\debug\pcirclecollider2d.obj
c:\users\com100\documents\github\myengine\editor_window\x64\debug\pinput.obj
c:\users\com100\documents\github\myengine\editor_window\x64\debug\pspriterenderer.obj
c:\users\com100\documents\github\myengine\editor_window\x64\debug\prenderer.obj
c:\users\com100\documents\github\myengine\editor_window\x64\debug\uihud.obj
c:\users\com100\documents\github\myengine\editor_window\x64\debug\audiolistener.obj
c:\users\com100\documents\github\myengine\editor_window\x64\debug\paudiolistener.obj
c:\users\com100\documents\github\myengine\editor_window\x64\debug\pdontdestroyonload.obj
c:\users\com100\documents\github\myengine\editor_window\x64\debug\pentity.obj
c:\users\com100\documents\github\myengine\editor_window\x64\debug\pscene.obj
c:\users\com100\documents\github\myengine\editor_window\x64\debug\puihud.obj
c:\users\com100\documents\github\myengine\editor_window\x64\debug\uimanager.obj
c:\users\com100\documents\github\myengine\editor_window\x64\debug\panimator.obj
c:\users\com100\documents\github\myengine\editor_window\x64\debug\pcamera.obj
c:\users\com100\documents\github\myengine\editor_window\x64\debug\pfmod.obj
c:\users\com100\documents\github\myengine\editor_window\x64\debug\ptilemaprenderer.obj
c:\users\com100\documents\github\myengine\editor_window\x64\debug\uibutton.obj
c:\users\com100\documents\github\myengine\editor_window\x64\debug\pmath.obj
c:\users\com100\documents\github\myengine\editor_window\x64\debug\pboxcollider2d.obj
c:\users\com100\documents\github\myengine\editor_window\x64\debug\puibutton.obj
c:\users\com100\documents\github\myengine\editor_window\x64\debug\papplication.obj
c:\users\com100\documents\github\myengine\editor_window\x64\debug\prigidbody.obj
c:\users\com100\documents\github\myengine\editor_window\x64\debug\ptexture.obj
c:\users\com100\documents\github\myengine\editor_window\x64\debug\panimtation.obj
c:\users\com100\documents\github\myengine\editor_window\x64\debug\pgraphicdevice.obj
c:\users\com100\documents\github\myengine\editor_window\x64\debug\pcollisionmanager.obj
c:\users\com100\documents\github\myengine\editor_window\x64\debug\vc141.pdb
c:\users\com100\documents\github\myengine\editor_window\x64\debug\editor_window.res
c:\users\com100\documents\github\myengine\editor_window\x64\debug\vc141.idb
c:\users\com100\documents\github\myengine\x64\debug\editor_window.pdb
c:\users\com100\documents\github\myengine\editor_window\x64\debug\editor_window.tlog\cl.command.1.tlog
c:\users\com100\documents\github\myengine\editor_window\x64\debug\editor_window.tlog\cl.read.1.tlog
c:\users\com100\documents\github\myengine\editor_window\x64\debug\editor_window.tlog\cl.write.1.tlog
c:\users\com100\documents\github\myengine\editor_window\x64\debug\editor_window.tlog\link-cvtres.read.1.tlog
c:\users\com100\documents\github\myengine\editor_window\x64\debug\editor_window.tlog\link-cvtres.write.1.tlog
c:\users\com100\documents\github\myengine\editor_window\x64\debug\editor_window.tlog\link-rc.read.1.tlog
c:\users\com100\documents\github\myengine\editor_window\x64\debug\editor_window.tlog\link-rc.write.1.tlog
c:\users\com100\documents\github\myengine\editor_window\x64\debug\editor_window.tlog\link.21652-cvtres.read.1.tlog
c:\users\com100\documents\github\myengine\editor_window\x64\debug\editor_window.tlog\link.21652-cvtres.write.1.tlog
c:\users\com100\documents\github\myengine\editor_window\x64\debug\editor_window.tlog\link.21652-rc.read.1.tlog
c:\users\com100\documents\github\myengine\editor_window\x64\debug\editor_window.tlog\link.21652-rc.write.1.tlog
c:\users\com100\documents\github\myengine\editor_window\x64\debug\editor_window.tlog\link.21652.read.1.tlog
c:\users\com100\documents\github\myengine\editor_window\x64\debug\editor_window.tlog\link.21652.write.1.tlog
c:\users\com100\documents\github\myengine\editor_window\x64\debug\editor_window.tlog\link.command.1.tlog
c:\users\com100\documents\github\myengine\editor_window\x64\debug\editor_window.tlog\link.read.1.tlog
c:\users\com100\documents\github\myengine\editor_window\x64\debug\editor_window.tlog\link.write.1.tlog
c:\users\com100\documents\github\myengine\editor_window\x64\debug\editor_window.tlog\rc.command.1.tlog
c:\users\com100\documents\github\myengine\editor_window\x64\debug\editor_window.tlog\rc.read.1.tlog
c:\users\com100\documents\github\myengine\editor_window\x64\debug\editor_window.tlog\rc.write.1.tlog
