  ConstantBuffer.cpp
  IndexBuffer.cpp
  Mesh.cpp
  Shader.cpp
  UIButton.cpp
  UIHUD.cpp
c:\users\com100\documents\github\myengine\myengin_source\pmath.h(21): warning C4005: 'XM_CONSTEXPR': 매크로 재정의 (소스 파일 컴파일 중 C:\Users\com100\Documents\GitHub\MyEngine\MyEngin_Source\Mesh.cpp)
  c:\program files (x86)\windows kits\10\include\10.0.17763.0\um\directxmath.h(34): note: 'XM_CONSTEXPR'의 이전 정의를 참조하십시오. (소스 파일 컴파일 중 C:\Users\com100\Documents\GitHub\MyEngine\MyEngin_Source\Mesh.cpp)
c:\users\com100\documents\github\myengine\myengin_source\pmath.h(21): warning C4005: 'XM_CONSTEXPR': 매크로 재정의 (소스 파일 컴파일 중 C:\Users\com100\Documents\GitHub\MyEngine\MyEngin_Source\UIButton.cpp)
  c:\program files (x86)\windows kits\10\include\10.0.17763.0\um\directxmath.h(34): note: 'XM_CONSTEXPR'의 이전 정의를 참조하십시오. (소스 파일 컴파일 중 C:\Users\com100\Documents\GitHub\MyEngine\MyEngin_Source\UIButton.cpp)
c:\users\com100\documents\github\myengine\myengin_source\pmath.h(21): warning C4005: 'XM_CONSTEXPR': 매크로 재정의 (소스 파일 컴파일 중 C:\Users\com100\Documents\GitHub\MyEngine\MyEngin_Source\UIHUD.cpp)
  c:\program files (x86)\windows kits\10\include\10.0.17763.0\um\directxmath.h(34): note: 'XM_CONSTEXPR'의 이전 정의를 참조하십시오. (소스 파일 컴파일 중 C:\Users\com100\Documents\GitHub\MyEngine\MyEngin_Source\UIHUD.cpp)
  c:\program files (x86)\windows kits\10\include\10.0.17763.0\um\dinput.h: DIRECTINPUT_VERSION undefined. Defaulting to version 0x0800
  c:\program files (x86)\windows kits\10\include\10.0.17763.0\um\dinput.h: DIRECTINPUT_VERSION undefined. Defaulting to version 0x0800
  c:\program files (x86)\windows kits\10\include\10.0.17763.0\um\dinput.h: DIRECTINPUT_VERSION undefined. Defaulting to version 0x0800
c:\users\com100\documents\github\myengine\myengin_source\pmath.h(21): warning C4005: 'XM_CONSTEXPR': 매크로 재정의 (소스 파일 컴파일 중 C:\Users\com100\Documents\GitHub\MyEngine\MyEngin_Source\Shader.cpp)
  c:\program files (x86)\windows kits\10\include\10.0.17763.0\um\directxmath.h(34): note: 'XM_CONSTEXPR'의 이전 정의를 참조하십시오. (소스 파일 컴파일 중 C:\Users\com100\Documents\GitHub\MyEngine\MyEngin_Source\Shader.cpp)
  c:\program files (x86)\windows kits\10\include\10.0.17763.0\um\dinput.h: DIRECTINPUT_VERSION undefined. Defaulting to version 0x0800
c:\users\com100\documents\github\myengine\myengin_source\pmath.h(21): warning C4005: 'XM_CONSTEXPR': 매크로 재정의 (소스 파일 컴파일 중 C:\Users\com100\Documents\GitHub\MyEngine\MyEngin_Source\ConstantBuffer.cpp)
  c:\program files (x86)\windows kits\10\include\10.0.17763.0\um\directxmath.h(34): note: 'XM_CONSTEXPR'의 이전 정의를 참조하십시오. (소스 파일 컴파일 중 C:\Users\com100\Documents\GitHub\MyEngine\MyEngin_Source\ConstantBuffer.cpp)
c:\users\com100\documents\github\myengine\myengin_source\pmath.h(21): warning C4005: 'XM_CONSTEXPR': 매크로 재정의 (소스 파일 컴파일 중 C:\Users\com100\Documents\GitHub\MyEngine\MyEngin_Source\IndexBuffer.cpp)
  c:\program files (x86)\windows kits\10\include\10.0.17763.0\um\directxmath.h(34): note: 'XM_CONSTEXPR'의 이전 정의를 참조하십시오. (소스 파일 컴파일 중 C:\Users\com100\Documents\GitHub\MyEngine\MyEngin_Source\IndexBuffer.cpp)
  c:\program files (x86)\windows kits\10\include\10.0.17763.0\um\dinput.h: DIRECTINPUT_VERSION undefined. Defaulting to version 0x0800
  c:\program files (x86)\windows kits\10\include\10.0.17763.0\um\dinput.h: DIRECTINPUT_VERSION undefined. Defaulting to version 0x0800
  VertexBuffer.cpp
  pAnimator.cpp
  pAnimtation.cpp
  pApplication.cpp
  pBoxCollider2D.cpp
  pCamera.cpp
c:\users\com100\documents\github\myengine\myengin_source\pmath.h(21): warning C4005: 'XM_CONSTEXPR': 매크로 재정의 (소스 파일 컴파일 중 C:\Users\com100\Documents\GitHub\MyEngine\MyEngin_Source\pAnimator.cpp)
  c:\program files (x86)\windows kits\10\include\10.0.17763.0\um\directxmath.h(34): note: 'XM_CONSTEXPR'의 이전 정의를 참조하십시오. (소스 파일 컴파일 중 C:\Users\com100\Documents\GitHub\MyEngine\MyEngin_Source\pAnimator.cpp)
c:\users\com100\documents\github\myengine\myengin_source\pmath.h(21): warning C4005: 'XM_CONSTEXPR': 매크로 재정의 (소스 파일 컴파일 중 C:\Users\com100\Documents\GitHub\MyEngine\MyEngin_Source\pAnimtation.cpp)
  c:\program files (x86)\windows kits\10\include\10.0.17763.0\um\directxmath.h(34): note: 'XM_CONSTEXPR'의 이전 정의를 참조하십시오. (소스 파일 컴파일 중 C:\Users\com100\Documents\GitHub\MyEngine\MyEngin_Source\pAnimtation.cpp)
  c:\program files (x86)\windows kits\10\include\10.0.17763.0\um\dinput.h: DIRECTINPUT_VERSION undefined. Defaulting to version 0x0800
  c:\program files (x86)\windows kits\10\include\10.0.17763.0\um\dinput.h: DIRECTINPUT_VERSION undefined. Defaulting to version 0x0800
c:\users\com100\documents\github\myengine\myengin_source\pmath.h(21): warning C4005: 'XM_CONSTEXPR': 매크로 재정의 (소스 파일 컴파일 중 C:\Users\com100\Documents\GitHub\MyEngine\MyEngin_Source\pApplication.cpp)
  c:\program files (x86)\windows kits\10\include\10.0.17763.0\um\directxmath.h(34): note: 'XM_CONSTEXPR'의 이전 정의를 참조하십시오. (소스 파일 컴파일 중 C:\Users\com100\Documents\GitHub\MyEngine\MyEngin_Source\pApplication.cpp)
  c:\program files (x86)\windows kits\10\include\10.0.17763.0\um\dinput.h: DIRECTINPUT_VERSION undefined. Defaulting to version 0x0800
c:\users\com100\documents\github\myengine\myengin_source\pmath.h(21): warning C4005: 'XM_CONSTEXPR': 매크로 재정의 (소스 파일 컴파일 중 C:\Users\com100\Documents\GitHub\MyEngine\MyEngin_Source\pCamera.cpp)
  c:\program files (x86)\windows kits\10\include\10.0.17763.0\um\directxmath.h(34): note: 'XM_CONSTEXPR'의 이전 정의를 참조하십시오. (소스 파일 컴파일 중 C:\Users\com100\Documents\GitHub\MyEngine\MyEngin_Source\pCamera.cpp)
  c:\program files (x86)\windows kits\10\include\10.0.17763.0\um\dinput.h: DIRECTINPUT_VERSION undefined. Defaulting to version 0x0800
c:\users\com100\documents\github\myengine\myengin_source\pmath.h(21): warning C4005: 'XM_CONSTEXPR': 매크로 재정의 (소스 파일 컴파일 중 C:\Users\com100\Documents\GitHub\MyEngine\MyEngin_Source\pBoxCollider2D.cpp)
  c:\program files (x86)\windows kits\10\include\10.0.17763.0\um\directxmath.h(34): note: 'XM_CONSTEXPR'의 이전 정의를 참조하십시오. (소스 파일 컴파일 중 C:\Users\com100\Documents\GitHub\MyEngine\MyEngin_Source\pBoxCollider2D.cpp)
  c:\program files (x86)\windows kits\10\include\10.0.17763.0\um\dinput.h: DIRECTINPUT_VERSION undefined. Defaulting to version 0x0800
c:\users\com100\documents\github\myengine\myengin_source\pmath.h(21): warning C4005: 'XM_CONSTEXPR': 매크로 재정의 (소스 파일 컴파일 중 C:\Users\com100\Documents\GitHub\MyEngine\MyEngin_Source\VertexBuffer.cpp)
  c:\program files (x86)\windows kits\10\include\10.0.17763.0\um\directxmath.h(34): note: 'XM_CONSTEXPR'의 이전 정의를 참조하십시오. (소스 파일 컴파일 중 C:\Users\com100\Documents\GitHub\MyEngine\MyEngin_Source\VertexBuffer.cpp)
  c:\program files (x86)\windows kits\10\include\10.0.17763.0\um\dinput.h: DIRECTINPUT_VERSION undefined. Defaulting to version 0x0800
  pCircleCollider2D.cpp
  pConstantBuffer.cpp
  pGraphicDevice.cpp
  pIndexBuffer.cpp
  pInput.cpp
  pMesh.cpp
c:\users\com100\documents\github\myengine\myengin_source\pmath.h(21): warning C4005: 'XM_CONSTEXPR': 매크로 재정의 (소스 파일 컴파일 중 C:\Users\com100\Documents\GitHub\MyEngine\MyEngin_Source\pCircleCollider2D.cpp)
  c:\program files (x86)\windows kits\10\include\10.0.17763.0\um\directxmath.h(34): note: 'XM_CONSTEXPR'의 이전 정의를 참조하십시오. (소스 파일 컴파일 중 C:\Users\com100\Documents\GitHub\MyEngine\MyEngin_Source\pCircleCollider2D.cpp)
  c:\program files (x86)\windows kits\10\include\10.0.17763.0\um\dinput.h: DIRECTINPUT_VERSION undefined. Defaulting to version 0x0800
c:\users\com100\documents\github\myengine\myengin_source\pmath.h(21): warning C4005: 'XM_CONSTEXPR': 매크로 재정의 (소스 파일 컴파일 중 C:\Users\com100\Documents\GitHub\MyEngine\MyEngin_Source\pInput.cpp)
  c:\program files (x86)\windows kits\10\include\10.0.17763.0\um\directxmath.h(34): note: 'XM_CONSTEXPR'의 이전 정의를 참조하십시오. (소스 파일 컴파일 중 C:\Users\com100\Documents\GitHub\MyEngine\MyEngin_Source\pInput.cpp)
  c:\program files (x86)\windows kits\10\include\10.0.17763.0\um\dinput.h: DIRECTINPUT_VERSION undefined. Defaulting to version 0x0800
c:\users\com100\documents\github\myengine\myengin_source\pmath.h(21): warning C4005: 'XM_CONSTEXPR': 매크로 재정의 (소스 파일 컴파일 중 C:\Users\com100\Documents\GitHub\MyEngine\MyEngin_Source\pMesh.cpp)
  c:\program files (x86)\windows kits\10\include\10.0.17763.0\um\directxmath.h(34): note: 'XM_CONSTEXPR'의 이전 정의를 참조하십시오. (소스 파일 컴파일 중 C:\Users\com100\Documents\GitHub\MyEngine\MyEngin_Source\pMesh.cpp)
  c:\program files (x86)\windows kits\10\include\10.0.17763.0\um\dinput.h: DIRECTINPUT_VERSION undefined. Defaulting to version 0x0800
c:\users\com100\documents\github\myengine\myengin_source\pmath.h(21): warning C4005: 'XM_CONSTEXPR': 매크로 재정의 (소스 파일 컴파일 중 C:\Users\com100\Documents\GitHub\MyEngine\MyEngin_Source\pConstantBuffer.cpp)
  c:\program files (x86)\windows kits\10\include\10.0.17763.0\um\directxmath.h(34): note: 'XM_CONSTEXPR'의 이전 정의를 참조하십시오. (소스 파일 컴파일 중 C:\Users\com100\Documents\GitHub\MyEngine\MyEngin_Source\pConstantBuffer.cpp)
c:\users\com100\documents\github\myengine\myengin_source\pmath.h(21): warning C4005: 'XM_CONSTEXPR': 매크로 재정의 (소스 파일 컴파일 중 C:\Users\com100\Documents\GitHub\MyEngine\MyEngin_Source\pGraphicDevice.cpp)
  c:\program files (x86)\windows kits\10\include\10.0.17763.0\um\directxmath.h(34): note: 'XM_CONSTEXPR'의 이전 정의를 참조하십시오. (소스 파일 컴파일 중 C:\Users\com100\Documents\GitHub\MyEngine\MyEngin_Source\pGraphicDevice.cpp)
  c:\program files (x86)\windows kits\10\include\10.0.17763.0\um\dinput.h: DIRECTINPUT_VERSION undefined. Defaulting to version 0x0800
  c:\program files (x86)\windows kits\10\include\10.0.17763.0\um\dinput.h: DIRECTINPUT_VERSION undefined. Defaulting to version 0x0800
c:\users\com100\documents\github\myengine\myengin_source\pmath.h(21): warning C4005: 'XM_CONSTEXPR': 매크로 재정의 (소스 파일 컴파일 중 C:\Users\com100\Documents\GitHub\MyEngine\MyEngin_Source\pIndexBuffer.cpp)
  c:\program files (x86)\windows kits\10\include\10.0.17763.0\um\directxmath.h(34): note: 'XM_CONSTEXPR'의 이전 정의를 참조하십시오. (소스 파일 컴파일 중 C:\Users\com100\Documents\GitHub\MyEngine\MyEngin_Source\pIndexBuffer.cpp)
  c:\program files (x86)\windows kits\10\include\10.0.17763.0\um\dinput.h: DIRECTINPUT_VERSION undefined. Defaulting to version 0x0800
  pRenderer.cpp
  pShader.cpp
  pSpriteRenderer.cpp
  pTexture.cpp
  pTilemapRenderer.cpp
  pUIButton.cpp
c:\users\com100\documents\github\myengine\myengin_source\pmath.h(21): warning C4005: 'XM_CONSTEXPR': 매크로 재정의 (소스 파일 컴파일 중 C:\Users\com100\Documents\GitHub\MyEngine\MyEngin_Source\pRenderer.cpp)
  c:\program files (x86)\windows kits\10\include\10.0.17763.0\um\directxmath.h(34): note: 'XM_CONSTEXPR'의 이전 정의를 참조하십시오. (소스 파일 컴파일 중 C:\Users\com100\Documents\GitHub\MyEngine\MyEngin_Source\pRenderer.cpp)
c:\users\com100\documents\github\myengine\myengin_source\pmath.h(21): warning C4005: 'XM_CONSTEXPR': 매크로 재정의 (소스 파일 컴파일 중 C:\Users\com100\Documents\GitHub\MyEngine\MyEngin_Source\pShader.cpp)
  c:\program files (x86)\windows kits\10\include\10.0.17763.0\um\directxmath.h(34): note: 'XM_CONSTEXPR'의 이전 정의를 참조하십시오. (소스 파일 컴파일 중 C:\Users\com100\Documents\GitHub\MyEngine\MyEngin_Source\pShader.cpp)
  c:\program files (x86)\windows kits\10\include\10.0.17763.0\um\dinput.h: DIRECTINPUT_VERSION undefined. Defaulting to version 0x0800
  c:\program files (x86)\windows kits\10\include\10.0.17763.0\um\dinput.h: DIRECTINPUT_VERSION undefined. Defaulting to version 0x0800
c:\users\com100\documents\github\myengine\myengin_source\pmath.h(21): warning C4005: 'XM_CONSTEXPR': 매크로 재정의 (소스 파일 컴파일 중 C:\Users\com100\Documents\GitHub\MyEngine\MyEngin_Source\pSpriteRenderer.cpp)
  c:\program files (x86)\windows kits\10\include\10.0.17763.0\um\directxmath.h(34): note: 'XM_CONSTEXPR'의 이전 정의를 참조하십시오. (소스 파일 컴파일 중 C:\Users\com100\Documents\GitHub\MyEngine\MyEngin_Source\pSpriteRenderer.cpp)
  c:\program files (x86)\windows kits\10\include\10.0.17763.0\um\dinput.h: DIRECTINPUT_VERSION undefined. Defaulting to version 0x0800
c:\users\com100\documents\github\myengine\myengin_source\pmath.h(21): warning C4005: 'XM_CONSTEXPR': 매크로 재정의 (소스 파일 컴파일 중 C:\Users\com100\Documents\GitHub\MyEngine\MyEngin_Source\pTilemapRenderer.cpp)
  c:\program files (x86)\windows kits\10\include\10.0.17763.0\um\directxmath.h(34): note: 'XM_CONSTEXPR'의 이전 정의를 참조하십시오. (소스 파일 컴파일 중 C:\Users\com100\Documents\GitHub\MyEngine\MyEngin_Source\pTilemapRenderer.cpp)
  c:\program files (x86)\windows kits\10\include\10.0.17763.0\um\dinput.h: DIRECTINPUT_VERSION undefined. Defaulting to version 0x0800
c:\users\com100\documents\github\myengine\myengin_source\pmath.h(21): warning C4005: 'XM_CONSTEXPR': 매크로 재정의 (소스 파일 컴파일 중 C:\Users\com100\Documents\GitHub\MyEngine\MyEngin_Source\pUIButton.cpp)
  c:\program files (x86)\windows kits\10\include\10.0.17763.0\um\directxmath.h(34): note: 'XM_CONSTEXPR'의 이전 정의를 참조하십시오. (소스 파일 컴파일 중 C:\Users\com100\Documents\GitHub\MyEngine\MyEngin_Source\pUIButton.cpp)
  c:\program files (x86)\windows kits\10\include\10.0.17763.0\um\dinput.h: DIRECTINPUT_VERSION undefined. Defaulting to version 0x0800
c:\users\com100\documents\github\myengine\myengin_source\pmath.h(21): warning C4005: 'XM_CONSTEXPR': 매크로 재정의 (소스 파일 컴파일 중 C:\Users\com100\Documents\GitHub\MyEngine\MyEngin_Source\pTexture.cpp)
  c:\program files (x86)\windows kits\10\include\10.0.17763.0\um\directxmath.h(34): note: 'XM_CONSTEXPR'의 이전 정의를 참조하십시오. (소스 파일 컴파일 중 C:\Users\com100\Documents\GitHub\MyEngine\MyEngin_Source\pTexture.cpp)
  c:\program files (x86)\windows kits\10\include\10.0.17763.0\um\dinput.h: DIRECTINPUT_VERSION undefined. Defaulting to version 0x0800
  pUIHUD.cpp
  pUIManager.cpp
  pVertexBuffer.cpp
  main.cpp
c:\users\com100\documents\github\myengine\myengin_source\pmath.h(21): warning C4005: 'XM_CONSTEXPR': 매크로 재정의 (소스 파일 컴파일 중 main.cpp)
  c:\program files (x86)\windows kits\10\include\10.0.17763.0\um\directxmath.h(34): note: 'XM_CONSTEXPR'의 이전 정의를 참조하십시오. (소스 파일 컴파일 중 main.cpp)
c:\users\com100\documents\github\myengine\myengin_source\pmath.h(21): warning C4005: 'XM_CONSTEXPR': 매크로 재정의 (소스 파일 컴파일 중 C:\Users\com100\Documents\GitHub\MyEngine\MyEngin_Source\pUIHUD.cpp)
  c:\program files (x86)\windows kits\10\include\10.0.17763.0\um\directxmath.h(34): note: 'XM_CONSTEXPR'의 이전 정의를 참조하십시오. (소스 파일 컴파일 중 C:\Users\com100\Documents\GitHub\MyEngine\MyEngin_Source\pUIHUD.cpp)
  c:\program files (x86)\windows kits\10\include\10.0.17763.0\um\dinput.h: DIRECTINPUT_VERSION undefined. Defaulting to version 0x0800
c:\users\com100\documents\github\myengine\myengin_source\pmath.h(21): warning C4005: 'XM_CONSTEXPR': 매크로 재정의 (소스 파일 컴파일 중 C:\Users\com100\Documents\GitHub\MyEngine\MyEngin_Source\pUIManager.cpp)
  c:\program files (x86)\windows kits\10\include\10.0.17763.0\um\directxmath.h(34): note: 'XM_CONSTEXPR'의 이전 정의를 참조하십시오. (소스 파일 컴파일 중 C:\Users\com100\Documents\GitHub\MyEngine\MyEngin_Source\pUIManager.cpp)
  c:\program files (x86)\windows kits\10\include\10.0.17763.0\um\dinput.h: DIRECTINPUT_VERSION undefined. Defaulting to version 0x0800
  c:\program files (x86)\windows kits\10\include\10.0.17763.0\um\dinput.h: DIRECTINPUT_VERSION undefined. Defaulting to version 0x0800
c:\users\com100\documents\github\myengine\myengin_source\pmath.h(21): warning C4005: 'XM_CONSTEXPR': 매크로 재정의 (소스 파일 컴파일 중 C:\Users\com100\Documents\GitHub\MyEngine\MyEngin_Source\pVertexBuffer.cpp)
  c:\program files (x86)\windows kits\10\include\10.0.17763.0\um\directxmath.h(34): note: 'XM_CONSTEXPR'의 이전 정의를 참조하십시오. (소스 파일 컴파일 중 C:\Users\com100\Documents\GitHub\MyEngine\MyEngin_Source\pVertexBuffer.cpp)
  c:\program files (x86)\windows kits\10\include\10.0.17763.0\um\dinput.h: DIRECTINPUT_VERSION undefined. Defaulting to version 0x0800
  Editor_Window.vcxproj -> C:\Users\com100\Documents\GitHub\MyEngine\x64\Debug\Editor_Window.exe
  'pwsh.exe'은(는) 내부 또는 외부 명령, 실행할 수 있는 프로그램, 또는
  배치 파일이 아닙니다.
