c:\users\com100\documents\github\myengine\myengine_window\x64\debug\prenderer.obj
c:\users\com100\documents\github\myengine\myengine_window\x64\debug\audiolistener.obj
c:\users\com100\documents\github\myengine\myengine_window\x64\debug\paudiolistener.obj
c:\users\com100\documents\github\myengine\myengine_window\x64\debug\pboxcollider2d.obj
c:\users\com100\documents\github\myengine\myengine_window\x64\debug\pfmod.obj
c:\users\com100\documents\github\myengine\myengine_window\x64\debug\pentity.obj
c:\users\com100\documents\github\myengine\myengine_window\x64\debug\presources.obj
c:\users\com100\documents\github\myengine\myengine_window\x64\debug\ptilemaprenderer.obj
c:\users\com100\documents\github\myengine\myengine_window\x64\debug\puihud.obj
c:\users\com100\documents\github\myengine\myengine_window\x64\debug\shader.obj
c:\users\com100\documents\github\myengine\myengine_window\x64\debug\loadingscene.obj
c:\users\com100\documents\github\myengine\myengine_window\x64\debug\ploadingscene.obj
c:\users\com100\documents\github\myengine\myengine_window\x64\debug\ptoolscene.obj
c:\users\com100\documents\github\myengine\myengine_window\x64\debug\indexbuffer.obj
c:\users\com100\documents\github\myengine\myengine_window\x64\debug\panimtation.obj
c:\users\com100\documents\github\myengine\myengine_window\x64\debug\pconstantbuffer.obj
c:\users\com100\documents\github\myengine\myengine_window\x64\debug\pmath.obj
c:\users\com100\documents\github\myengine\myengine_window\x64\debug\pmesh.obj
c:\users\com100\documents\github\myengine\myengine_window\x64\debug\pshader.obj
c:\users\com100\documents\github\myengine\myengine_window\x64\debug\pscript.obj
c:\users\com100\documents\github\myengine\myengine_window\x64\debug\pvertexbuffer.obj
c:\users\com100\documents\github\myengine\myengine_window\x64\debug\vertexbuffer.obj
c:\users\com100\documents\github\myengine\myengine_window\x64\debug\pcatscript.obj
c:\users\com100\documents\github\myengine\myengine_window\x64\debug\audiosource.obj
c:\users\com100\documents\github\myengine\myengine_window\x64\debug\panimator.obj
c:\users\com100\documents\github\myengine\myengine_window\x64\debug\pcollider.obj
c:\users\com100\documents\github\myengine\myengine_window\x64\debug\pdontdestroyonload.obj
c:\users\com100\documents\github\myengine\myengine_window\x64\debug\pcomponent.obj
c:\users\com100\documents\github\myengine\myengine_window\x64\debug\presource.obj
c:\users\com100\documents\github\myengine\myengine_window\x64\debug\pspriterenderer.obj
c:\users\com100\documents\github\myengine\myengine_window\x64\debug\puibutton.obj
c:\users\com100\documents\github\myengine\myengine_window\x64\debug\puibase.obj
c:\users\com100\documents\github\myengine\myengine_window\x64\debug\floor.obj
c:\users\com100\documents\github\myengine\myengine_window\x64\debug\pfloor.obj
c:\users\com100\documents\github\myengine\myengine_window\x64\debug\ptile.obj
c:\users\com100\documents\github\myengine\myengine_window\x64\debug\constantbuffer.obj
c:\users\com100\documents\github\myengine\myengine_window\x64\debug\paudiosource.obj
c:\users\com100\documents\github\myengine\myengine_window\x64\debug\pcirclecollider2d.obj
c:\users\com100\documents\github\myengine\myengine_window\x64\debug\player.obj
c:\users\com100\documents\github\myengine\myengine_window\x64\debug\pgameobject.obj
c:\users\com100\documents\github\myengine\myengine_window\x64\debug\prigidbody.obj
c:\users\com100\documents\github\myengine\myengine_window\x64\debug\ptime.obj
c:\users\com100\documents\github\myengine\myengine_window\x64\debug\uibutton.obj
c:\users\com100\documents\github\myengine\myengine_window\x64\debug\floorscript.obj
c:\users\com100\documents\github\myengine\myengine_window\x64\debug\pfloorscript.obj
c:\users\com100\documents\github\myengine\myengine_window\x64\debug\ptitlescene.obj
c:\users\com100\documents\github\myengine\myengine_window\x64\debug\fmod.obj
c:\users\com100\documents\github\myengine\myengine_window\x64\debug\mesh.obj
c:\users\com100\documents\github\myengine\myengine_window\x64\debug\pcollisionmanager.obj
c:\users\com100\documents\github\myengine\myengine_window\x64\debug\pgraphicdevice.obj
c:\users\com100\documents\github\myengine\myengine_window\x64\debug\pinput.obj
c:\users\com100\documents\github\myengine\myengine_window\x64\debug\pscene.obj
c:\users\com100\documents\github\myengine\myengine_window\x64\debug\ptransform.obj
c:\users\com100\documents\github\myengine\myengine_window\x64\debug\puimanager.obj
c:\users\com100\documents\github\myengine\myengine_window\x64\debug\uihud.obj
c:\users\com100\documents\github\myengine\myengine_window\x64\debug\pcamerascript.obj
c:\users\com100\documents\github\myengine\myengine_window\x64\debug\pplayer.obj
c:\users\com100\documents\github\myengine\myengine_window\x64\debug\audioclip.obj
c:\users\com100\documents\github\myengine\myengine_window\x64\debug\material.obj
c:\users\com100\documents\github\myengine\myengine_window\x64\debug\paudioclip.obj
c:\users\com100\documents\github\myengine\myengine_window\x64\debug\pcamera.obj
c:\users\com100\documents\github\myengine\myengine_window\x64\debug\pindexbuffer.obj
c:\users\com100\documents\github\myengine\myengine_window\x64\debug\papplication.obj
c:\users\com100\documents\github\myengine\myengine_window\x64\debug\pscenemanager.obj
c:\users\com100\documents\github\myengine\myengine_window\x64\debug\ptexture.obj
c:\users\com100\documents\github\myengine\myengine_window\x64\debug\rididbody.obj
c:\users\com100\documents\github\myengine\myengine_window\x64\debug\uimanager.obj
c:\users\com100\documents\github\myengine\myengine_window\x64\debug\pcat.obj
c:\users\com100\documents\github\myengine\myengine_window\x64\debug\pplayerscript.obj
c:\users\com100\documents\github\myengine\myengine_window\x64\debug\myengine_window.idb
c:\users\com100\documents\github\myengine\myengine_window\x64\debug\myengine_window.pdb
c:\users\com100\documents\github\myengine\myengine_window\x64\debug\myengine_window.tlog\cl.12608.write.1.tlog
c:\users\com100\documents\github\myengine\myengine_window\x64\debug\myengine_window.tlog\cl.command.1.tlog
c:\users\com100\documents\github\myengine\myengine_window\x64\debug\myengine_window.tlog\cl.read.1.tlog
